The system is: Darwin - 18.7.0 - x86_64
Compiling the C compiler identification source file "CMakeCCompilerId.c" succeeded.
Compiler: /usr/local/bin/gcc-9 
Build flags: 
Id flags:  

The output was:
0


Compilation of the C compiler identification source "CMakeCCompilerId.c" produced "a.out"

The C compiler identification is GNU, found in "/Users/tim/repo/sparsemat/cmake-build-debug/CMakeFiles/3.14.5/CompilerIdC/a.out"

Determining if the C compiler works passed with the following output:
Change Dir: /Users/tim/repo/sparsemat/cmake-build-debug/CMakeFiles/CMakeTmp

Run Build Command(s):/usr/bin/make cmTC_9f54e/fast 
/Library/Developer/CommandLineTools/usr/bin/make -f CMakeFiles/cmTC_9f54e.dir/build.make CMakeFiles/cmTC_9f54e.dir/build
Building C object CMakeFiles/cmTC_9f54e.dir/testCCompiler.c.o
/usr/local/bin/gcc-9   -isysroot /Library/Developer/CommandLineTools/SDKs/MacOSX10.14.sdk   -o CMakeFiles/cmTC_9f54e.dir/testCCompiler.c.o   -c /Users/tim/repo/sparsemat/cmake-build-debug/CMakeFiles/CMakeTmp/testCCompiler.c
Linking C executable cmTC_9f54e
/Applications/CLion.app/Contents/bin/cmake/mac/bin/cmake -E cmake_link_script CMakeFiles/cmTC_9f54e.dir/link.txt --verbose=1
/usr/local/bin/gcc-9   -isysroot /Library/Developer/CommandLineTools/SDKs/MacOSX10.14.sdk -Wl,-search_paths_first -Wl,-headerpad_max_install_names   CMakeFiles/cmTC_9f54e.dir/testCCompiler.c.o  -o cmTC_9f54e 


Detecting C compiler ABI info compiled with the following output:
Change Dir: /Users/tim/repo/sparsemat/cmake-build-debug/CMakeFiles/CMakeTmp

Run Build Command(s):/usr/bin/make cmTC_d457c/fast 
/Library/Developer/CommandLineTools/usr/bin/make -f CMakeFiles/cmTC_d457c.dir/build.make CMakeFiles/cmTC_d457c.dir/build
Building C object CMakeFiles/cmTC_d457c.dir/CMakeCCompilerABI.c.o
/usr/local/bin/gcc-9   -isysroot /Library/Developer/CommandLineTools/SDKs/MacOSX10.14.sdk   -v -Wl,-v -o CMakeFiles/cmTC_d457c.dir/CMakeCCompilerABI.c.o   -c /Applications/CLion.app/Contents/bin/cmake/mac/share/cmake-3.14/Modules/CMakeCCompilerABI.c
Using built-in specs.
COLLECT_GCC=/usr/local/bin/gcc-9
Target: x86_64-apple-darwin18
Configured with: ../configure --build=x86_64-apple-darwin18 --prefix=/usr/local/Cellar/gcc/9.2.0 --libdir=/usr/local/Cellar/gcc/9.2.0/lib/gcc/9 --disable-nls --enable-checking=release --enable-languages=c,c++,objc,obj-c++,fortran --program-suffix=-9 --with-gmp=/usr/local/opt/gmp --with-mpfr=/usr/local/opt/mpfr --with-mpc=/usr/local/opt/libmpc --with-isl=/usr/local/opt/isl --with-system-zlib --with-pkgversion='Homebrew GCC 9.2.0' --with-bugurl=https://github.com/Homebrew/homebrew-core/issues --disable-multilib --with-native-system-header-dir=/usr/include --with-sysroot=/Library/Developer/CommandLineTools/SDKs/MacOSX.sdk
Thread model: posix
gcc version 9.2.0 (Homebrew GCC 9.2.0) 
COLLECT_GCC_OPTIONS='-isysroot' '/Library/Developer/CommandLineTools/SDKs/MacOSX10.14.sdk' '-v' '-o' 'CMakeFiles/cmTC_d457c.dir/CMakeCCompilerABI.c.o' '-c' '-mmacosx-version-min=10.14.0' '-asm_macosx_version_min=10.14' '-mtune=core2'
 /usr/local/Cellar/gcc/9.2.0/libexec/gcc/x86_64-apple-darwin18/9.2.0/cc1 -quiet -v -D__DYNAMIC__ -isysroot /Library/Developer/CommandLineTools/SDKs/MacOSX10.14.sdk /Applications/CLion.app/Contents/bin/cmake/mac/share/cmake-3.14/Modules/CMakeCCompilerABI.c -fPIC -quiet -dumpbase CMakeCCompilerABI.c -mmacosx-version-min=10.14.0 -mtune=core2 -auxbase-strip CMakeFiles/cmTC_d457c.dir/CMakeCCompilerABI.c.o -version -o /var/folders/vy/7dcnkvn57ybcj5bszfzj6l9c0000gn/T//ccROuweM.s
GNU C17 (Homebrew GCC 9.2.0) version 9.2.0 (x86_64-apple-darwin18)
	compiled by GNU C version 9.2.0, GMP version 6.1.2, MPFR version 4.0.2, MPC version 1.1.0, isl version isl-0.21-GMP

GGC heuristics: --param ggc-min-expand=100 --param ggc-min-heapsize=131072
ignoring nonexistent directory "/Library/Developer/CommandLineTools/SDKs/MacOSX10.14.sdk/usr/local/include"
ignoring nonexistent directory "/usr/local/Cellar/gcc/9.2.0/lib/gcc/9/gcc/x86_64-apple-darwin18/9.2.0/../../../../../../x86_64-apple-darwin18/include"
ignoring nonexistent directory "/Library/Developer/CommandLineTools/SDKs/MacOSX10.14.sdk/Library/Frameworks"
#include "..." search starts here:
#include <...> search starts here:
 /usr/local/Cellar/gcc/9.2.0/lib/gcc/9/gcc/x86_64-apple-darwin18/9.2.0/include
 /usr/local/Cellar/gcc/9.2.0/lib/gcc/9/gcc/x86_64-apple-darwin18/9.2.0/include-fixed
 /Library/Developer/CommandLineTools/SDKs/MacOSX10.14.sdk/usr/include
 /Library/Developer/CommandLineTools/SDKs/MacOSX10.14.sdk/System/Library/Frameworks
End of search list.
GNU C17 (Homebrew GCC 9.2.0) version 9.2.0 (x86_64-apple-darwin18)
	compiled by GNU C version 9.2.0, GMP version 6.1.2, MPFR version 4.0.2, MPC version 1.1.0, isl version isl-0.21-GMP

GGC heuristics: --param ggc-min-expand=100 --param ggc-min-heapsize=131072
Compiler executable checksum: 299875c881ffa94e36973da59ff78aeb
COLLECT_GCC_OPTIONS='-isysroot' '/Library/Developer/CommandLineTools/SDKs/MacOSX10.14.sdk' '-v' '-o' 'CMakeFiles/cmTC_d457c.dir/CMakeCCompilerABI.c.o' '-c' '-mmacosx-version-min=10.14.0'  '-mtune=core2'
 as -arch x86_64 -v -force_cpusubtype_ALL -mmacosx-version-min=10.14 -o CMakeFiles/cmTC_d457c.dir/CMakeCCompilerABI.c.o /var/folders/vy/7dcnkvn57ybcj5bszfzj6l9c0000gn/T//ccROuweM.s
Apple LLVM version 10.0.1 (clang-1001.0.46.4)
Target: x86_64-apple-darwin18.7.0
Thread model: posix
InstalledDir: /Library/Developer/CommandLineTools/usr/bin
 "/Library/Developer/CommandLineTools/usr/bin/clang" -cc1as -triple x86_64-apple-macosx10.14.0 -filetype obj -main-file-name ccROuweM.s -target-cpu penryn -fdebug-compilation-dir /Users/tim/repo/sparsemat/cmake-build-debug/CMakeFiles/CMakeTmp -dwarf-debug-producer Apple LLVM version 10.0.1 (clang-1001.0.46.4) -dwarf-version=4 -mrelocation-model pic -o CMakeFiles/cmTC_d457c.dir/CMakeCCompilerABI.c.o /var/folders/vy/7dcnkvn57ybcj5bszfzj6l9c0000gn/T//ccROuweM.s
COMPILER_PATH=/usr/local/Cellar/gcc/9.2.0/libexec/gcc/x86_64-apple-darwin18/9.2.0/:/usr/local/Cellar/gcc/9.2.0/libexec/gcc/x86_64-apple-darwin18/9.2.0/:/usr/local/Cellar/gcc/9.2.0/libexec/gcc/x86_64-apple-darwin18/:/usr/local/Cellar/gcc/9.2.0/lib/gcc/9/gcc/x86_64-apple-darwin18/9.2.0/:/usr/local/Cellar/gcc/9.2.0/lib/gcc/9/gcc/x86_64-apple-darwin18/
LIBRARY_PATH=/usr/local/Cellar/gcc/9.2.0/lib/gcc/9/gcc/x86_64-apple-darwin18/9.2.0/:/usr/local/Cellar/gcc/9.2.0/lib/gcc/9/gcc/x86_64-apple-darwin18/9.2.0/../../../
COLLECT_GCC_OPTIONS='-isysroot' '/Library/Developer/CommandLineTools/SDKs/MacOSX10.14.sdk' '-v' '-o' 'CMakeFiles/cmTC_d457c.dir/CMakeCCompilerABI.c.o' '-c' '-mmacosx-version-min=10.14.0'  '-mtune=core2'
Linking C executable cmTC_d457c
/Applications/CLion.app/Contents/bin/cmake/mac/bin/cmake -E cmake_link_script CMakeFiles/cmTC_d457c.dir/link.txt --verbose=1
/usr/local/bin/gcc-9   -isysroot /Library/Developer/CommandLineTools/SDKs/MacOSX10.14.sdk -Wl,-search_paths_first -Wl,-headerpad_max_install_names  -v -Wl,-v CMakeFiles/cmTC_d457c.dir/CMakeCCompilerABI.c.o  -o cmTC_d457c 
Using built-in specs.
COLLECT_GCC=/usr/local/bin/gcc-9
COLLECT_LTO_WRAPPER=/usr/local/Cellar/gcc/9.2.0/libexec/gcc/x86_64-apple-darwin18/9.2.0/lto-wrapper
Target: x86_64-apple-darwin18
Configured with: ../configure --build=x86_64-apple-darwin18 --prefix=/usr/local/Cellar/gcc/9.2.0 --libdir=/usr/local/Cellar/gcc/9.2.0/lib/gcc/9 --disable-nls --enable-checking=release --enable-languages=c,c++,objc,obj-c++,fortran --program-suffix=-9 --with-gmp=/usr/local/opt/gmp --with-mpfr=/usr/local/opt/mpfr --with-mpc=/usr/local/opt/libmpc --with-isl=/usr/local/opt/isl --with-system-zlib --with-pkgversion='Homebrew GCC 9.2.0' --with-bugurl=https://github.com/Homebrew/homebrew-core/issues --disable-multilib --with-native-system-header-dir=/usr/include --with-sysroot=/Library/Developer/CommandLineTools/SDKs/MacOSX.sdk
Thread model: posix
gcc version 9.2.0 (Homebrew GCC 9.2.0) 
COMPILER_PATH=/usr/local/Cellar/gcc/9.2.0/libexec/gcc/x86_64-apple-darwin18/9.2.0/:/usr/local/Cellar/gcc/9.2.0/libexec/gcc/x86_64-apple-darwin18/9.2.0/:/usr/local/Cellar/gcc/9.2.0/libexec/gcc/x86_64-apple-darwin18/:/usr/local/Cellar/gcc/9.2.0/lib/gcc/9/gcc/x86_64-apple-darwin18/9.2.0/:/usr/local/Cellar/gcc/9.2.0/lib/gcc/9/gcc/x86_64-apple-darwin18/
LIBRARY_PATH=/usr/local/Cellar/gcc/9.2.0/lib/gcc/9/gcc/x86_64-apple-darwin18/9.2.0/:/usr/local/Cellar/gcc/9.2.0/lib/gcc/9/gcc/x86_64-apple-darwin18/9.2.0/../../../
COLLECT_GCC_OPTIONS='-isysroot' '/Library/Developer/CommandLineTools/SDKs/MacOSX10.14.sdk' '-v' '-o' 'cmTC_d457c' '-mmacosx-version-min=10.14.0' '-asm_macosx_version_min=10.14' '-mtune=core2'
 /usr/local/Cellar/gcc/9.2.0/libexec/gcc/x86_64-apple-darwin18/9.2.0/collect2 -dynamic -arch x86_64 -macosx_version_min 10.14.0 -syslibroot /Library/Developer/CommandLineTools/SDKs/MacOSX10.14.sdk -weak_reference_mismatches non-weak -o cmTC_d457c -L/usr/local/Cellar/gcc/9.2.0/lib/gcc/9/gcc/x86_64-apple-darwin18/9.2.0 -L/usr/local/Cellar/gcc/9.2.0/lib/gcc/9/gcc/x86_64-apple-darwin18/9.2.0/../../.. -search_paths_first -headerpad_max_install_names -v CMakeFiles/cmTC_d457c.dir/CMakeCCompilerABI.c.o -no_compact_unwind -lSystem -lgcc_ext.10.5 -lgcc -lSystem -v
collect2 version 9.2.0
/usr/bin/ld -dynamic -arch x86_64 -macosx_version_min 10.14.0 -syslibroot /Library/Developer/CommandLineTools/SDKs/MacOSX10.14.sdk -weak_reference_mismatches non-weak -o cmTC_d457c -L/usr/local/Cellar/gcc/9.2.0/lib/gcc/9/gcc/x86_64-apple-darwin18/9.2.0 -L/usr/local/Cellar/gcc/9.2.0/lib/gcc/9/gcc/x86_64-apple-darwin18/9.2.0/../../.. -search_paths_first -headerpad_max_install_names -v CMakeFiles/cmTC_d457c.dir/CMakeCCompilerABI.c.o -no_compact_unwind -lSystem -lgcc_ext.10.5 -lgcc -lSystem -v
@(#)PROGRAM:ld  PROJECT:ld64-450.3
BUILD 18:16:53 Apr  5 2019
configured to support archs: armv6 armv7 armv7s arm64 arm64e arm64_32 i386 x86_64 x86_64h armv6m armv7k armv7m armv7em
@(#)PROGRAM:ld  PROJECT:ld64-450.3
BUILD 18:16:53 Apr  5 2019
configured to support archs: armv6 armv7 armv7s arm64 arm64e arm64_32 i386 x86_64 x86_64h armv6m armv7k armv7m armv7em
Library search paths:
	/usr/local/Cellar/gcc/9.2.0/lib/gcc/9/gcc/x86_64-apple-darwin18/9.2.0
	/usr/local/Cellar/gcc/9.2.0/lib/gcc/9
	/Library/Developer/CommandLineTools/SDKs/MacOSX10.14.sdk/usr/lib
Framework search paths:
	/Library/Developer/CommandLineTools/SDKs/MacOSX10.14.sdk/System/Library/Frameworks/


Parsed C implicit include dir info from above output: rv=done
  found start of include info
  found start of implicit include info
    add: [/usr/local/Cellar/gcc/9.2.0/lib/gcc/9/gcc/x86_64-apple-darwin18/9.2.0/include]
    add: [/usr/local/Cellar/gcc/9.2.0/lib/gcc/9/gcc/x86_64-apple-darwin18/9.2.0/include-fixed]
    add: [/Library/Developer/CommandLineTools/SDKs/MacOSX10.14.sdk/usr/include]
    add: [/Library/Developer/CommandLineTools/SDKs/MacOSX10.14.sdk/System/Library/Frameworks]
  end of search list found
  collapse include dir [/usr/local/Cellar/gcc/9.2.0/lib/gcc/9/gcc/x86_64-apple-darwin18/9.2.0/include] ==> [/usr/local/Cellar/gcc/9.2.0/lib/gcc/9/gcc/x86_64-apple-darwin18/9.2.0/include]
  collapse include dir [/usr/local/Cellar/gcc/9.2.0/lib/gcc/9/gcc/x86_64-apple-darwin18/9.2.0/include-fixed] ==> [/usr/local/Cellar/gcc/9.2.0/lib/gcc/9/gcc/x86_64-apple-darwin18/9.2.0/include-fixed]
  collapse include dir [/Library/Developer/CommandLineTools/SDKs/MacOSX10.14.sdk/usr/include] ==> [/Library/Developer/CommandLineTools/SDKs/MacOSX10.14.sdk/usr/include]
  collapse include dir [/Library/Developer/CommandLineTools/SDKs/MacOSX10.14.sdk/System/Library/Frameworks] ==> [/Library/Developer/CommandLineTools/SDKs/MacOSX10.14.sdk/System/Library/Frameworks]
  implicit include dirs: [/usr/local/Cellar/gcc/9.2.0/lib/gcc/9/gcc/x86_64-apple-darwin18/9.2.0/include;/usr/local/Cellar/gcc/9.2.0/lib/gcc/9/gcc/x86_64-apple-darwin18/9.2.0/include-fixed;/Library/Developer/CommandLineTools/SDKs/MacOSX10.14.sdk/usr/include;/Library/Developer/CommandLineTools/SDKs/MacOSX10.14.sdk/System/Library/Frameworks]


Parsed C implicit link information from above output:
  link line regex: [^( *|.*[/\])(ld|CMAKE_LINK_STARTFILE-NOTFOUND|([^/\]+-)?ld|collect2)[^/\]*( |$)]
  ignore line: [Change Dir: /Users/tim/repo/sparsemat/cmake-build-debug/CMakeFiles/CMakeTmp]
  ignore line: []
  ignore line: [Run Build Command(s):/usr/bin/make cmTC_d457c/fast ]
  ignore line: [/Library/Developer/CommandLineTools/usr/bin/make -f CMakeFiles/cmTC_d457c.dir/build.make CMakeFiles/cmTC_d457c.dir/build]
  ignore line: [Building C object CMakeFiles/cmTC_d457c.dir/CMakeCCompilerABI.c.o]
  ignore line: [/usr/local/bin/gcc-9   -isysroot /Library/Developer/CommandLineTools/SDKs/MacOSX10.14.sdk   -v -Wl,-v -o CMakeFiles/cmTC_d457c.dir/CMakeCCompilerABI.c.o   -c /Applications/CLion.app/Contents/bin/cmake/mac/share/cmake-3.14/Modules/CMakeCCompilerABI.c]
  ignore line: [Using built-in specs.]
  ignore line: [COLLECT_GCC=/usr/local/bin/gcc-9]
  ignore line: [Target: x86_64-apple-darwin18]
  ignore line: [Configured with: ../configure --build=x86_64-apple-darwin18 --prefix=/usr/local/Cellar/gcc/9.2.0 --libdir=/usr/local/Cellar/gcc/9.2.0/lib/gcc/9 --disable-nls --enable-checking=release --enable-languages=c,c++,objc,obj-c++,fortran --program-suffix=-9 --with-gmp=/usr/local/opt/gmp --with-mpfr=/usr/local/opt/mpfr --with-mpc=/usr/local/opt/libmpc --with-isl=/usr/local/opt/isl --with-system-zlib --with-pkgversion='Homebrew GCC 9.2.0' --with-bugurl=https://github.com/Homebrew/homebrew-core/issues --disable-multilib --with-native-system-header-dir=/usr/include --with-sysroot=/Library/Developer/CommandLineTools/SDKs/MacOSX.sdk]
  ignore line: [Thread model: posix]
  ignore line: [gcc version 9.2.0 (Homebrew GCC 9.2.0) ]
  ignore line: [COLLECT_GCC_OPTIONS='-isysroot' '/Library/Developer/CommandLineTools/SDKs/MacOSX10.14.sdk' '-v' '-o' 'CMakeFiles/cmTC_d457c.dir/CMakeCCompilerABI.c.o' '-c' '-mmacosx-version-min=10.14.0' '-asm_macosx_version_min=10.14' '-mtune=core2']
  ignore line: [ /usr/local/Cellar/gcc/9.2.0/libexec/gcc/x86_64-apple-darwin18/9.2.0/cc1 -quiet -v -D__DYNAMIC__ -isysroot /Library/Developer/CommandLineTools/SDKs/MacOSX10.14.sdk /Applications/CLion.app/Contents/bin/cmake/mac/share/cmake-3.14/Modules/CMakeCCompilerABI.c -fPIC -quiet -dumpbase CMakeCCompilerABI.c -mmacosx-version-min=10.14.0 -mtune=core2 -auxbase-strip CMakeFiles/cmTC_d457c.dir/CMakeCCompilerABI.c.o -version -o /var/folders/vy/7dcnkvn57ybcj5bszfzj6l9c0000gn/T//ccROuweM.s]
  ignore line: [GNU C17 (Homebrew GCC 9.2.0) version 9.2.0 (x86_64-apple-darwin18)]
  ignore line: [	compiled by GNU C version 9.2.0, GMP version 6.1.2, MPFR version 4.0.2, MPC version 1.1.0, isl version isl-0.21-GMP]
  ignore line: []
  ignore line: [GGC heuristics: --param ggc-min-expand=100 --param ggc-min-heapsize=131072]
  ignore line: [ignoring nonexistent directory "/Library/Developer/CommandLineTools/SDKs/MacOSX10.14.sdk/usr/local/include"]
  ignore line: [ignoring nonexistent directory "/usr/local/Cellar/gcc/9.2.0/lib/gcc/9/gcc/x86_64-apple-darwin18/9.2.0/../../../../../../x86_64-apple-darwin18/include"]
  ignore line: [ignoring nonexistent directory "/Library/Developer/CommandLineTools/SDKs/MacOSX10.14.sdk/Library/Frameworks"]
  ignore line: [#include "..." search starts here:]
  ignore line: [#include <...> search starts here:]
  ignore line: [ /usr/local/Cellar/gcc/9.2.0/lib/gcc/9/gcc/x86_64-apple-darwin18/9.2.0/include]
  ignore line: [ /usr/local/Cellar/gcc/9.2.0/lib/gcc/9/gcc/x86_64-apple-darwin18/9.2.0/include-fixed]
  ignore line: [ /Library/Developer/CommandLineTools/SDKs/MacOSX10.14.sdk/usr/include]
  ignore line: [ /Library/Developer/CommandLineTools/SDKs/MacOSX10.14.sdk/System/Library/Frameworks]
  ignore line: [End of search list.]
  ignore line: [GNU C17 (Homebrew GCC 9.2.0) version 9.2.0 (x86_64-apple-darwin18)]
  ignore line: [	compiled by GNU C version 9.2.0, GMP version 6.1.2, MPFR version 4.0.2, MPC version 1.1.0, isl version isl-0.21-GMP]
  ignore line: []
  ignore line: [GGC heuristics: --param ggc-min-expand=100 --param ggc-min-heapsize=131072]
  ignore line: [Compiler executable checksum: 299875c881ffa94e36973da59ff78aeb]
  ignore line: [COLLECT_GCC_OPTIONS='-isysroot' '/Library/Developer/CommandLineTools/SDKs/MacOSX10.14.sdk' '-v' '-o' 'CMakeFiles/cmTC_d457c.dir/CMakeCCompilerABI.c.o' '-c' '-mmacosx-version-min=10.14.0'  '-mtune=core2']
  ignore line: [ as -arch x86_64 -v -force_cpusubtype_ALL -mmacosx-version-min=10.14 -o CMakeFiles/cmTC_d457c.dir/CMakeCCompilerABI.c.o /var/folders/vy/7dcnkvn57ybcj5bszfzj6l9c0000gn/T//ccROuweM.s]
  ignore line: [Apple LLVM version 10.0.1 (clang-1001.0.46.4)]
  ignore line: [Target: x86_64-apple-darwin18.7.0]
  ignore line: [Thread model: posix]
  ignore line: [InstalledDir: /Library/Developer/CommandLineTools/usr/bin]
  ignore line: [ "/Library/Developer/CommandLineTools/usr/bin/clang" -cc1as -triple x86_64-apple-macosx10.14.0 -filetype obj -main-file-name ccROuweM.s -target-cpu penryn -fdebug-compilation-dir /Users/tim/repo/sparsemat/cmake-build-debug/CMakeFiles/CMakeTmp -dwarf-debug-producer Apple LLVM version 10.0.1 (clang-1001.0.46.4) -dwarf-version=4 -mrelocation-model pic -o CMakeFiles/cmTC_d457c.dir/CMakeCCompilerABI.c.o /var/folders/vy/7dcnkvn57ybcj5bszfzj6l9c0000gn/T//ccROuweM.s]
  ignore line: [COMPILER_PATH=/usr/local/Cellar/gcc/9.2.0/libexec/gcc/x86_64-apple-darwin18/9.2.0/:/usr/local/Cellar/gcc/9.2.0/libexec/gcc/x86_64-apple-darwin18/9.2.0/:/usr/local/Cellar/gcc/9.2.0/libexec/gcc/x86_64-apple-darwin18/:/usr/local/Cellar/gcc/9.2.0/lib/gcc/9/gcc/x86_64-apple-darwin18/9.2.0/:/usr/local/Cellar/gcc/9.2.0/lib/gcc/9/gcc/x86_64-apple-darwin18/]
  ignore line: [LIBRARY_PATH=/usr/local/Cellar/gcc/9.2.0/lib/gcc/9/gcc/x86_64-apple-darwin18/9.2.0/:/usr/local/Cellar/gcc/9.2.0/lib/gcc/9/gcc/x86_64-apple-darwin18/9.2.0/../../../]
  ignore line: [COLLECT_GCC_OPTIONS='-isysroot' '/Library/Developer/CommandLineTools/SDKs/MacOSX10.14.sdk' '-v' '-o' 'CMakeFiles/cmTC_d457c.dir/CMakeCCompilerABI.c.o' '-c' '-mmacosx-version-min=10.14.0'  '-mtune=core2']
  ignore line: [Linking C executable cmTC_d457c]
  ignore line: [/Applications/CLion.app/Contents/bin/cmake/mac/bin/cmake -E cmake_link_script CMakeFiles/cmTC_d457c.dir/link.txt --verbose=1]
  ignore line: [/usr/local/bin/gcc-9   -isysroot /Library/Developer/CommandLineTools/SDKs/MacOSX10.14.sdk -Wl,-search_paths_first -Wl,-headerpad_max_install_names  -v -Wl,-v CMakeFiles/cmTC_d457c.dir/CMakeCCompilerABI.c.o  -o cmTC_d457c ]
  ignore line: [Using built-in specs.]
  ignore line: [COLLECT_GCC=/usr/local/bin/gcc-9]
  ignore line: [COLLECT_LTO_WRAPPER=/usr/local/Cellar/gcc/9.2.0/libexec/gcc/x86_64-apple-darwin18/9.2.0/lto-wrapper]
  ignore line: [Target: x86_64-apple-darwin18]
  ignore line: [Configured with: ../configure --build=x86_64-apple-darwin18 --prefix=/usr/local/Cellar/gcc/9.2.0 --libdir=/usr/local/Cellar/gcc/9.2.0/lib/gcc/9 --disable-nls --enable-checking=release --enable-languages=c,c++,objc,obj-c++,fortran --program-suffix=-9 --with-gmp=/usr/local/opt/gmp --with-mpfr=/usr/local/opt/mpfr --with-mpc=/usr/local/opt/libmpc --with-isl=/usr/local/opt/isl --with-system-zlib --with-pkgversion='Homebrew GCC 9.2.0' --with-bugurl=https://github.com/Homebrew/homebrew-core/issues --disable-multilib --with-native-system-header-dir=/usr/include --with-sysroot=/Library/Developer/CommandLineTools/SDKs/MacOSX.sdk]
  ignore line: [Thread model: posix]
  ignore line: [gcc version 9.2.0 (Homebrew GCC 9.2.0) ]
  ignore line: [COMPILER_PATH=/usr/local/Cellar/gcc/9.2.0/libexec/gcc/x86_64-apple-darwin18/9.2.0/:/usr/local/Cellar/gcc/9.2.0/libexec/gcc/x86_64-apple-darwin18/9.2.0/:/usr/local/Cellar/gcc/9.2.0/libexec/gcc/x86_64-apple-darwin18/:/usr/local/Cellar/gcc/9.2.0/lib/gcc/9/gcc/x86_64-apple-darwin18/9.2.0/:/usr/local/Cellar/gcc/9.2.0/lib/gcc/9/gcc/x86_64-apple-darwin18/]
  ignore line: [LIBRARY_PATH=/usr/local/Cellar/gcc/9.2.0/lib/gcc/9/gcc/x86_64-apple-darwin18/9.2.0/:/usr/local/Cellar/gcc/9.2.0/lib/gcc/9/gcc/x86_64-apple-darwin18/9.2.0/../../../]
  ignore line: [COLLECT_GCC_OPTIONS='-isysroot' '/Library/Developer/CommandLineTools/SDKs/MacOSX10.14.sdk' '-v' '-o' 'cmTC_d457c' '-mmacosx-version-min=10.14.0' '-asm_macosx_version_min=10.14' '-mtune=core2']
  link line: [ /usr/local/Cellar/gcc/9.2.0/libexec/gcc/x86_64-apple-darwin18/9.2.0/collect2 -dynamic -arch x86_64 -macosx_version_min 10.14.0 -syslibroot /Library/Developer/CommandLineTools/SDKs/MacOSX10.14.sdk -weak_reference_mismatches non-weak -o cmTC_d457c -L/usr/local/Cellar/gcc/9.2.0/lib/gcc/9/gcc/x86_64-apple-darwin18/9.2.0 -L/usr/local/Cellar/gcc/9.2.0/lib/gcc/9/gcc/x86_64-apple-darwin18/9.2.0/../../.. -search_paths_first -headerpad_max_install_names -v CMakeFiles/cmTC_d457c.dir/CMakeCCompilerABI.c.o -no_compact_unwind -lSystem -lgcc_ext.10.5 -lgcc -lSystem -v]
    arg [/usr/local/Cellar/gcc/9.2.0/libexec/gcc/x86_64-apple-darwin18/9.2.0/collect2] ==> ignore
    arg [-dynamic] ==> ignore
    arg [-arch] ==> ignore
    arg [x86_64] ==> ignore
    arg [-macosx_version_min] ==> ignore
    arg [10.14.0] ==> ignore
    arg [-syslibroot] ==> ignore
    arg [/Library/Developer/CommandLineTools/SDKs/MacOSX10.14.sdk] ==> ignore
    arg [-weak_reference_mismatches] ==> ignore
    arg [non-weak] ==> ignore
    arg [-o] ==> ignore
    arg [cmTC_d457c] ==> ignore
    arg [-L/usr/local/Cellar/gcc/9.2.0/lib/gcc/9/gcc/x86_64-apple-darwin18/9.2.0] ==> dir [/usr/local/Cellar/gcc/9.2.0/lib/gcc/9/gcc/x86_64-apple-darwin18/9.2.0]
    arg [-L/usr/local/Cellar/gcc/9.2.0/lib/gcc/9/gcc/x86_64-apple-darwin18/9.2.0/../../..] ==> dir [/usr/local/Cellar/gcc/9.2.0/lib/gcc/9/gcc/x86_64-apple-darwin18/9.2.0/../../..]
    arg [-search_paths_first] ==> ignore
    arg [-headerpad_max_install_names] ==> ignore
    arg [-v] ==> ignore
    arg [CMakeFiles/cmTC_d457c.dir/CMakeCCompilerABI.c.o] ==> ignore
    arg [-no_compact_unwind] ==> ignore
    arg [-lSystem] ==> lib [System]
    arg [-lgcc_ext.10.5] ==> lib [gcc_ext.10.5]
    arg [-lgcc] ==> lib [gcc]
    arg [-lSystem] ==> lib [System]
    arg [-v] ==> ignore
  Library search paths: [;/usr/local/Cellar/gcc/9.2.0/lib/gcc/9/gcc/x86_64-apple-darwin18/9.2.0;/usr/local/Cellar/gcc/9.2.0/lib/gcc/9;/Library/Developer/CommandLineTools/SDKs/MacOSX10.14.sdk/usr/lib]
  Framework search paths: [;/Library/Developer/CommandLineTools/SDKs/MacOSX10.14.sdk/System/Library/Frameworks/]
  remove lib [System]
  remove lib [System]
  collapse library dir [/usr/local/Cellar/gcc/9.2.0/lib/gcc/9/gcc/x86_64-apple-darwin18/9.2.0] ==> [/usr/local/Cellar/gcc/9.2.0/lib/gcc/9/gcc/x86_64-apple-darwin18/9.2.0]
  collapse library dir [/usr/local/Cellar/gcc/9.2.0/lib/gcc/9/gcc/x86_64-apple-darwin18/9.2.0/../../..] ==> [/usr/local/Cellar/gcc/9.2.0/lib/gcc/9]
  collapse library dir [/usr/local/Cellar/gcc/9.2.0/lib/gcc/9/gcc/x86_64-apple-darwin18/9.2.0] ==> [/usr/local/Cellar/gcc/9.2.0/lib/gcc/9/gcc/x86_64-apple-darwin18/9.2.0]
  collapse library dir [/usr/local/Cellar/gcc/9.2.0/lib/gcc/9] ==> [/usr/local/Cellar/gcc/9.2.0/lib/gcc/9]
  collapse library dir [/Library/Developer/CommandLineTools/SDKs/MacOSX10.14.sdk/usr/lib] ==> [/Library/Developer/CommandLineTools/SDKs/MacOSX10.14.sdk/usr/lib]
  collapse framework dir [/Library/Developer/CommandLineTools/SDKs/MacOSX10.14.sdk/System/Library/Frameworks/] ==> [/Library/Developer/CommandLineTools/SDKs/MacOSX10.14.sdk/System/Library/Frameworks]
  implicit libs: [gcc_ext.10.5;gcc]
  implicit dirs: [/usr/local/Cellar/gcc/9.2.0/lib/gcc/9/gcc/x86_64-apple-darwin18/9.2.0;/usr/local/Cellar/gcc/9.2.0/lib/gcc/9;/Library/Developer/CommandLineTools/SDKs/MacOSX10.14.sdk/usr/lib]
  implicit fwks: [/Library/Developer/CommandLineTools/SDKs/MacOSX10.14.sdk/System/Library/Frameworks]




Detecting C [-std=c11] compiler features compiled with the following output:
Change Dir: /Users/tim/repo/sparsemat/cmake-build-debug/CMakeFiles/CMakeTmp

Run Build Command(s):/usr/bin/make cmTC_8f6a2/fast 
/Library/Developer/CommandLineTools/usr/bin/make -f CMakeFiles/cmTC_8f6a2.dir/build.make CMakeFiles/cmTC_8f6a2.dir/build
Building C object CMakeFiles/cmTC_8f6a2.dir/feature_tests.c.o
/usr/local/bin/gcc-9   -isysroot /Library/Developer/CommandLineTools/SDKs/MacOSX10.14.sdk   -std=c11 -o CMakeFiles/cmTC_8f6a2.dir/feature_tests.c.o   -c /Users/tim/repo/sparsemat/cmake-build-debug/CMakeFiles/feature_tests.c
Linking C executable cmTC_8f6a2
/Applications/CLion.app/Contents/bin/cmake/mac/bin/cmake -E cmake_link_script CMakeFiles/cmTC_8f6a2.dir/link.txt --verbose=1
/usr/local/bin/gcc-9   -isysroot /Library/Developer/CommandLineTools/SDKs/MacOSX10.14.sdk -Wl,-search_paths_first -Wl,-headerpad_max_install_names   CMakeFiles/cmTC_8f6a2.dir/feature_tests.c.o  -o cmTC_8f6a2 


    Feature record: C_FEATURE:1c_function_prototypes
    Feature record: C_FEATURE:1c_restrict
    Feature record: C_FEATURE:1c_static_assert
    Feature record: C_FEATURE:1c_variadic_macros


Detecting C [-std=c99] compiler features compiled with the following output:
Change Dir: /Users/tim/repo/sparsemat/cmake-build-debug/CMakeFiles/CMakeTmp

Run Build Command(s):/usr/bin/make cmTC_93f31/fast 
/Library/Developer/CommandLineTools/usr/bin/make -f CMakeFiles/cmTC_93f31.dir/build.make CMakeFiles/cmTC_93f31.dir/build
Building C object CMakeFiles/cmTC_93f31.dir/feature_tests.c.o
/usr/local/bin/gcc-9   -isysroot /Library/Developer/CommandLineTools/SDKs/MacOSX10.14.sdk   -std=c99 -o CMakeFiles/cmTC_93f31.dir/feature_tests.c.o   -c /Users/tim/repo/sparsemat/cmake-build-debug/CMakeFiles/feature_tests.c
Linking C executable cmTC_93f31
/Applications/CLion.app/Contents/bin/cmake/mac/bin/cmake -E cmake_link_script CMakeFiles/cmTC_93f31.dir/link.txt --verbose=1
/usr/local/bin/gcc-9   -isysroot /Library/Developer/CommandLineTools/SDKs/MacOSX10.14.sdk -Wl,-search_paths_first -Wl,-headerpad_max_install_names   CMakeFiles/cmTC_93f31.dir/feature_tests.c.o  -o cmTC_93f31 


    Feature record: C_FEATURE:1c_function_prototypes
    Feature record: C_FEATURE:1c_restrict
    Feature record: C_FEATURE:0c_static_assert
    Feature record: C_FEATURE:1c_variadic_macros


Detecting C [-std=c90] compiler features compiled with the following output:
Change Dir: /Users/tim/repo/sparsemat/cmake-build-debug/CMakeFiles/CMakeTmp

Run Build Command(s):/usr/bin/make cmTC_2679b/fast 
/Library/Developer/CommandLineTools/usr/bin/make -f CMakeFiles/cmTC_2679b.dir/build.make CMakeFiles/cmTC_2679b.dir/build
Building C object CMakeFiles/cmTC_2679b.dir/feature_tests.c.o
/usr/local/bin/gcc-9   -isysroot /Library/Developer/CommandLineTools/SDKs/MacOSX10.14.sdk   -std=c90 -o CMakeFiles/cmTC_2679b.dir/feature_tests.c.o   -c /Users/tim/repo/sparsemat/cmake-build-debug/CMakeFiles/feature_tests.c
Linking C executable cmTC_2679b
/Applications/CLion.app/Contents/bin/cmake/mac/bin/cmake -E cmake_link_script CMakeFiles/cmTC_2679b.dir/link.txt --verbose=1
/usr/local/bin/gcc-9   -isysroot /Library/Developer/CommandLineTools/SDKs/MacOSX10.14.sdk -Wl,-search_paths_first -Wl,-headerpad_max_install_names   CMakeFiles/cmTC_2679b.dir/feature_tests.c.o  -o cmTC_2679b 


    Feature record: C_FEATURE:1c_function_prototypes
    Feature record: C_FEATURE:0c_restrict
    Feature record: C_FEATURE:0c_static_assert
    Feature record: C_FEATURE:0c_variadic_macros
Detecting C OpenMP compiler ABI info compiled with the following output:
Change Dir: /Users/tim/repo/sparsemat/cmake-build-debug/CMakeFiles/CMakeTmp

Run Build Command(s):/usr/bin/make cmTC_e3c6c/fast 
/Library/Developer/CommandLineTools/usr/bin/make -f CMakeFiles/cmTC_e3c6c.dir/build.make CMakeFiles/cmTC_e3c6c.dir/build
Building C object CMakeFiles/cmTC_e3c6c.dir/OpenMPTryFlag.c.o
/usr/local/bin/gcc-9   -fopenmp -v -isysroot /Library/Developer/CommandLineTools/SDKs/MacOSX10.14.sdk   -std=gnu99 -o CMakeFiles/cmTC_e3c6c.dir/OpenMPTryFlag.c.o   -c /Users/tim/repo/sparsemat/cmake-build-debug/CMakeFiles/FindOpenMP/OpenMPTryFlag.c
Using built-in specs.
COLLECT_GCC=/usr/local/bin/gcc-9
Target: x86_64-apple-darwin18
Configured with: ../configure --build=x86_64-apple-darwin18 --prefix=/usr/local/Cellar/gcc/9.2.0 --libdir=/usr/local/Cellar/gcc/9.2.0/lib/gcc/9 --disable-nls --enable-checking=release --enable-languages=c,c++,objc,obj-c++,fortran --program-suffix=-9 --with-gmp=/usr/local/opt/gmp --with-mpfr=/usr/local/opt/mpfr --with-mpc=/usr/local/opt/libmpc --with-isl=/usr/local/opt/isl --with-system-zlib --with-pkgversion='Homebrew GCC 9.2.0' --with-bugurl=https://github.com/Homebrew/homebrew-core/issues --disable-multilib --with-native-system-header-dir=/usr/include --with-sysroot=/Library/Developer/CommandLineTools/SDKs/MacOSX.sdk
Thread model: posix
gcc version 9.2.0 (Homebrew GCC 9.2.0) 
COLLECT_GCC_OPTIONS='-fopenmp' '-v' '-isysroot' '/Library/Developer/CommandLineTools/SDKs/MacOSX10.14.sdk' '-std=gnu99' '-o' 'CMakeFiles/cmTC_e3c6c.dir/OpenMPTryFlag.c.o' '-c' '-mmacosx-version-min=10.14.0' '-asm_macosx_version_min=10.14' '-mtune=core2'
 /usr/local/Cellar/gcc/9.2.0/libexec/gcc/x86_64-apple-darwin18/9.2.0/cc1 -quiet -v -D__DYNAMIC__ -isysroot /Library/Developer/CommandLineTools/SDKs/MacOSX10.14.sdk /Users/tim/repo/sparsemat/cmake-build-debug/CMakeFiles/FindOpenMP/OpenMPTryFlag.c -fPIC -quiet -dumpbase OpenMPTryFlag.c -mmacosx-version-min=10.14.0 -mtune=core2 -auxbase-strip CMakeFiles/cmTC_e3c6c.dir/OpenMPTryFlag.c.o -std=gnu99 -version -fopenmp -o /var/folders/vy/7dcnkvn57ybcj5bszfzj6l9c0000gn/T//cc3I2Ttr.s
GNU C99 (Homebrew GCC 9.2.0) version 9.2.0 (x86_64-apple-darwin18)
	compiled by GNU C version 9.2.0, GMP version 6.1.2, MPFR version 4.0.2, MPC version 1.1.0, isl version isl-0.21-GMP

GGC heuristics: --param ggc-min-expand=100 --param ggc-min-heapsize=131072
ignoring nonexistent directory "/Library/Developer/CommandLineTools/SDKs/MacOSX10.14.sdk/usr/local/include"
ignoring nonexistent directory "/usr/local/Cellar/gcc/9.2.0/lib/gcc/9/gcc/x86_64-apple-darwin18/9.2.0/../../../../../../x86_64-apple-darwin18/include"
ignoring nonexistent directory "/Library/Developer/CommandLineTools/SDKs/MacOSX10.14.sdk/Library/Frameworks"
#include "..." search starts here:
#include <...> search starts here:
 /usr/local/Cellar/gcc/9.2.0/lib/gcc/9/gcc/x86_64-apple-darwin18/9.2.0/include
 /usr/local/Cellar/gcc/9.2.0/lib/gcc/9/gcc/x86_64-apple-darwin18/9.2.0/include-fixed
 /Library/Developer/CommandLineTools/SDKs/MacOSX10.14.sdk/usr/include
 /Library/Developer/CommandLineTools/SDKs/MacOSX10.14.sdk/System/Library/Frameworks
End of search list.
GNU C99 (Homebrew GCC 9.2.0) version 9.2.0 (x86_64-apple-darwin18)
	compiled by GNU C version 9.2.0, GMP version 6.1.2, MPFR version 4.0.2, MPC version 1.1.0, isl version isl-0.21-GMP

GGC heuristics: --param ggc-min-expand=100 --param ggc-min-heapsize=131072
Compiler executable checksum: 299875c881ffa94e36973da59ff78aeb
COLLECT_GCC_OPTIONS='-fopenmp' '-v' '-isysroot' '/Library/Developer/CommandLineTools/SDKs/MacOSX10.14.sdk' '-std=gnu99' '-o' 'CMakeFiles/cmTC_e3c6c.dir/OpenMPTryFlag.c.o' '-c' '-mmacosx-version-min=10.14.0'  '-mtune=core2'
 as -arch x86_64 -v -force_cpusubtype_ALL -mmacosx-version-min=10.14 -o CMakeFiles/cmTC_e3c6c.dir/OpenMPTryFlag.c.o /var/folders/vy/7dcnkvn57ybcj5bszfzj6l9c0000gn/T//cc3I2Ttr.s
Apple LLVM version 10.0.1 (clang-1001.0.46.4)
Target: x86_64-apple-darwin18.7.0
Thread model: posix
InstalledDir: /Library/Developer/CommandLineTools/usr/bin
 "/Library/Developer/CommandLineTools/usr/bin/clang" -cc1as -triple x86_64-apple-macosx10.14.0 -filetype obj -main-file-name cc3I2Ttr.s -target-cpu penryn -fdebug-compilation-dir /Users/tim/repo/sparsemat/cmake-build-debug/CMakeFiles/CMakeTmp -dwarf-debug-producer Apple LLVM version 10.0.1 (clang-1001.0.46.4) -dwarf-version=4 -mrelocation-model pic -o CMakeFiles/cmTC_e3c6c.dir/OpenMPTryFlag.c.o /var/folders/vy/7dcnkvn57ybcj5bszfzj6l9c0000gn/T//cc3I2Ttr.s
COMPILER_PATH=/usr/local/Cellar/gcc/9.2.0/libexec/gcc/x86_64-apple-darwin18/9.2.0/:/usr/local/Cellar/gcc/9.2.0/libexec/gcc/x86_64-apple-darwin18/9.2.0/:/usr/local/Cellar/gcc/9.2.0/libexec/gcc/x86_64-apple-darwin18/:/usr/local/Cellar/gcc/9.2.0/lib/gcc/9/gcc/x86_64-apple-darwin18/9.2.0/:/usr/local/Cellar/gcc/9.2.0/lib/gcc/9/gcc/x86_64-apple-darwin18/
LIBRARY_PATH=/usr/local/Cellar/gcc/9.2.0/lib/gcc/9/gcc/x86_64-apple-darwin18/9.2.0/:/usr/local/Cellar/gcc/9.2.0/lib/gcc/9/gcc/x86_64-apple-darwin18/9.2.0/../../../
COLLECT_GCC_OPTIONS='-fopenmp' '-v' '-isysroot' '/Library/Developer/CommandLineTools/SDKs/MacOSX10.14.sdk' '-std=gnu99' '-o' 'CMakeFiles/cmTC_e3c6c.dir/OpenMPTryFlag.c.o' '-c' '-mmacosx-version-min=10.14.0'  '-mtune=core2'
Linking C executable cmTC_e3c6c
/Applications/CLion.app/Contents/bin/cmake/mac/bin/cmake -E cmake_link_script CMakeFiles/cmTC_e3c6c.dir/link.txt --verbose=1
/usr/local/bin/gcc-9  -fopenmp -v -isysroot /Library/Developer/CommandLineTools/SDKs/MacOSX10.14.sdk -Wl,-search_paths_first -Wl,-headerpad_max_install_names   CMakeFiles/cmTC_e3c6c.dir/OpenMPTryFlag.c.o  -o cmTC_e3c6c -v -Wl,-v 
Using built-in specs.
COLLECT_GCC=/usr/local/bin/gcc-9
COLLECT_LTO_WRAPPER=/usr/local/Cellar/gcc/9.2.0/libexec/gcc/x86_64-apple-darwin18/9.2.0/lto-wrapper
Target: x86_64-apple-darwin18
Configured with: ../configure --build=x86_64-apple-darwin18 --prefix=/usr/local/Cellar/gcc/9.2.0 --libdir=/usr/local/Cellar/gcc/9.2.0/lib/gcc/9 --disable-nls --enable-checking=release --enable-languages=c,c++,objc,obj-c++,fortran --program-suffix=-9 --with-gmp=/usr/local/opt/gmp --with-mpfr=/usr/local/opt/mpfr --with-mpc=/usr/local/opt/libmpc --with-isl=/usr/local/opt/isl --with-system-zlib --with-pkgversion='Homebrew GCC 9.2.0' --with-bugurl=https://github.com/Homebrew/homebrew-core/issues --disable-multilib --with-native-system-header-dir=/usr/include --with-sysroot=/Library/Developer/CommandLineTools/SDKs/MacOSX.sdk
Thread model: posix
gcc version 9.2.0 (Homebrew GCC 9.2.0) 
COMPILER_PATH=/usr/local/Cellar/gcc/9.2.0/libexec/gcc/x86_64-apple-darwin18/9.2.0/:/usr/local/Cellar/gcc/9.2.0/libexec/gcc/x86_64-apple-darwin18/9.2.0/:/usr/local/Cellar/gcc/9.2.0/libexec/gcc/x86_64-apple-darwin18/:/usr/local/Cellar/gcc/9.2.0/lib/gcc/9/gcc/x86_64-apple-darwin18/9.2.0/:/usr/local/Cellar/gcc/9.2.0/lib/gcc/9/gcc/x86_64-apple-darwin18/
LIBRARY_PATH=/usr/local/Cellar/gcc/9.2.0/lib/gcc/9/gcc/x86_64-apple-darwin18/9.2.0/:/usr/local/Cellar/gcc/9.2.0/lib/gcc/9/gcc/x86_64-apple-darwin18/9.2.0/../../../
COLLECT_GCC_OPTIONS='-fopenmp' '-v' '-isysroot' '/Library/Developer/CommandLineTools/SDKs/MacOSX10.14.sdk' '-o' 'cmTC_e3c6c' '-v' '-mmacosx-version-min=10.14.0' '-asm_macosx_version_min=10.14' '-mtune=core2'
 /usr/local/Cellar/gcc/9.2.0/libexec/gcc/x86_64-apple-darwin18/9.2.0/collect2 -dynamic -arch x86_64 -macosx_version_min 10.14.0 -syslibroot /Library/Developer/CommandLineTools/SDKs/MacOSX10.14.sdk -weak_reference_mismatches non-weak -o cmTC_e3c6c -L/usr/local/Cellar/gcc/9.2.0/lib/gcc/9/gcc/x86_64-apple-darwin18/9.2.0 -L/usr/local/Cellar/gcc/9.2.0/lib/gcc/9/gcc/x86_64-apple-darwin18/9.2.0/../../.. -search_paths_first -headerpad_max_install_names CMakeFiles/cmTC_e3c6c.dir/OpenMPTryFlag.c.o -v -lgomp -no_compact_unwind -lSystem -lgcc_ext.10.5 -lgcc -lSystem -v -v
collect2 version 9.2.0
/usr/bin/ld -dynamic -arch x86_64 -macosx_version_min 10.14.0 -syslibroot /Library/Developer/CommandLineTools/SDKs/MacOSX10.14.sdk -weak_reference_mismatches non-weak -o cmTC_e3c6c -L/usr/local/Cellar/gcc/9.2.0/lib/gcc/9/gcc/x86_64-apple-darwin18/9.2.0 -L/usr/local/Cellar/gcc/9.2.0/lib/gcc/9/gcc/x86_64-apple-darwin18/9.2.0/../../.. -search_paths_first -headerpad_max_install_names CMakeFiles/cmTC_e3c6c.dir/OpenMPTryFlag.c.o -v -lgomp -no_compact_unwind -lSystem -lgcc_ext.10.5 -lgcc -lSystem -v -v
@(#)PROGRAM:ld  PROJECT:ld64-450.3
BUILD 18:16:53 Apr  5 2019
configured to support archs: armv6 armv7 armv7s arm64 arm64e arm64_32 i386 x86_64 x86_64h armv6m armv7k armv7m armv7em
@(#)PROGRAM:ld  PROJECT:ld64-450.3
BUILD 18:16:53 Apr  5 2019
configured to support archs: armv6 armv7 armv7s arm64 arm64e arm64_32 i386 x86_64 x86_64h armv6m armv7k armv7m armv7em
@(#)PROGRAM:ld  PROJECT:ld64-450.3
BUILD 18:16:53 Apr  5 2019
configured to support archs: armv6 armv7 armv7s arm64 arm64e arm64_32 i386 x86_64 x86_64h armv6m armv7k armv7m armv7em
Library search paths:
	/usr/local/Cellar/gcc/9.2.0/lib/gcc/9/gcc/x86_64-apple-darwin18/9.2.0
	/usr/local/Cellar/gcc/9.2.0/lib/gcc/9
	/Library/Developer/CommandLineTools/SDKs/MacOSX10.14.sdk/usr/lib
Framework search paths:
	/Library/Developer/CommandLineTools/SDKs/MacOSX10.14.sdk/System/Library/Frameworks/


Parsed C OpenMP implicit link information from above output:
  link line regex: [^( *|.*[/\])(ld|CMAKE_LINK_STARTFILE-NOTFOUND|([^/\]+-)?ld|collect2)[^/\]*( |$)]
  ignore line: [Change Dir: /Users/tim/repo/sparsemat/cmake-build-debug/CMakeFiles/CMakeTmp]
  ignore line: []
  ignore line: [Run Build Command(s):/usr/bin/make cmTC_e3c6c/fast ]
  ignore line: [/Library/Developer/CommandLineTools/usr/bin/make -f CMakeFiles/cmTC_e3c6c.dir/build.make CMakeFiles/cmTC_e3c6c.dir/build]
  ignore line: [Building C object CMakeFiles/cmTC_e3c6c.dir/OpenMPTryFlag.c.o]
  ignore line: [/usr/local/bin/gcc-9   -fopenmp -v -isysroot /Library/Developer/CommandLineTools/SDKs/MacOSX10.14.sdk   -std=gnu99 -o CMakeFiles/cmTC_e3c6c.dir/OpenMPTryFlag.c.o   -c /Users/tim/repo/sparsemat/cmake-build-debug/CMakeFiles/FindOpenMP/OpenMPTryFlag.c]
  ignore line: [Using built-in specs.]
  ignore line: [COLLECT_GCC=/usr/local/bin/gcc-9]
  ignore line: [Target: x86_64-apple-darwin18]
  ignore line: [Configured with: ../configure --build=x86_64-apple-darwin18 --prefix=/usr/local/Cellar/gcc/9.2.0 --libdir=/usr/local/Cellar/gcc/9.2.0/lib/gcc/9 --disable-nls --enable-checking=release --enable-languages=c,c++,objc,obj-c++,fortran --program-suffix=-9 --with-gmp=/usr/local/opt/gmp --with-mpfr=/usr/local/opt/mpfr --with-mpc=/usr/local/opt/libmpc --with-isl=/usr/local/opt/isl --with-system-zlib --with-pkgversion='Homebrew GCC 9.2.0' --with-bugurl=https://github.com/Homebrew/homebrew-core/issues --disable-multilib --with-native-system-header-dir=/usr/include --with-sysroot=/Library/Developer/CommandLineTools/SDKs/MacOSX.sdk]
  ignore line: [Thread model: posix]
  ignore line: [gcc version 9.2.0 (Homebrew GCC 9.2.0) ]
  ignore line: [COLLECT_GCC_OPTIONS='-fopenmp' '-v' '-isysroot' '/Library/Developer/CommandLineTools/SDKs/MacOSX10.14.sdk' '-std=gnu99' '-o' 'CMakeFiles/cmTC_e3c6c.dir/OpenMPTryFlag.c.o' '-c' '-mmacosx-version-min=10.14.0' '-asm_macosx_version_min=10.14' '-mtune=core2']
  ignore line: [ /usr/local/Cellar/gcc/9.2.0/libexec/gcc/x86_64-apple-darwin18/9.2.0/cc1 -quiet -v -D__DYNAMIC__ -isysroot /Library/Developer/CommandLineTools/SDKs/MacOSX10.14.sdk /Users/tim/repo/sparsemat/cmake-build-debug/CMakeFiles/FindOpenMP/OpenMPTryFlag.c -fPIC -quiet -dumpbase OpenMPTryFlag.c -mmacosx-version-min=10.14.0 -mtune=core2 -auxbase-strip CMakeFiles/cmTC_e3c6c.dir/OpenMPTryFlag.c.o -std=gnu99 -version -fopenmp -o /var/folders/vy/7dcnkvn57ybcj5bszfzj6l9c0000gn/T//cc3I2Ttr.s]
  ignore line: [GNU C99 (Homebrew GCC 9.2.0) version 9.2.0 (x86_64-apple-darwin18)]
  ignore line: [	compiled by GNU C version 9.2.0, GMP version 6.1.2, MPFR version 4.0.2, MPC version 1.1.0, isl version isl-0.21-GMP]
  ignore line: []
  ignore line: [GGC heuristics: --param ggc-min-expand=100 --param ggc-min-heapsize=131072]
  ignore line: [ignoring nonexistent directory "/Library/Developer/CommandLineTools/SDKs/MacOSX10.14.sdk/usr/local/include"]
  ignore line: [ignoring nonexistent directory "/usr/local/Cellar/gcc/9.2.0/lib/gcc/9/gcc/x86_64-apple-darwin18/9.2.0/../../../../../../x86_64-apple-darwin18/include"]
  ignore line: [ignoring nonexistent directory "/Library/Developer/CommandLineTools/SDKs/MacOSX10.14.sdk/Library/Frameworks"]
  ignore line: [#include "..." search starts here:]
  ignore line: [#include <...> search starts here:]
  ignore line: [ /usr/local/Cellar/gcc/9.2.0/lib/gcc/9/gcc/x86_64-apple-darwin18/9.2.0/include]
  ignore line: [ /usr/local/Cellar/gcc/9.2.0/lib/gcc/9/gcc/x86_64-apple-darwin18/9.2.0/include-fixed]
  ignore line: [ /Library/Developer/CommandLineTools/SDKs/MacOSX10.14.sdk/usr/include]
  ignore line: [ /Library/Developer/CommandLineTools/SDKs/MacOSX10.14.sdk/System/Library/Frameworks]
  ignore line: [End of search list.]
  ignore line: [GNU C99 (Homebrew GCC 9.2.0) version 9.2.0 (x86_64-apple-darwin18)]
  ignore line: [	compiled by GNU C version 9.2.0, GMP version 6.1.2, MPFR version 4.0.2, MPC version 1.1.0, isl version isl-0.21-GMP]
  ignore line: []
  ignore line: [GGC heuristics: --param ggc-min-expand=100 --param ggc-min-heapsize=131072]
  ignore line: [Compiler executable checksum: 299875c881ffa94e36973da59ff78aeb]
  ignore line: [COLLECT_GCC_OPTIONS='-fopenmp' '-v' '-isysroot' '/Library/Developer/CommandLineTools/SDKs/MacOSX10.14.sdk' '-std=gnu99' '-o' 'CMakeFiles/cmTC_e3c6c.dir/OpenMPTryFlag.c.o' '-c' '-mmacosx-version-min=10.14.0'  '-mtune=core2']
  ignore line: [ as -arch x86_64 -v -force_cpusubtype_ALL -mmacosx-version-min=10.14 -o CMakeFiles/cmTC_e3c6c.dir/OpenMPTryFlag.c.o /var/folders/vy/7dcnkvn57ybcj5bszfzj6l9c0000gn/T//cc3I2Ttr.s]
  ignore line: [Apple LLVM version 10.0.1 (clang-1001.0.46.4)]
  ignore line: [Target: x86_64-apple-darwin18.7.0]
  ignore line: [Thread model: posix]
  ignore line: [InstalledDir: /Library/Developer/CommandLineTools/usr/bin]
  ignore line: [ "/Library/Developer/CommandLineTools/usr/bin/clang" -cc1as -triple x86_64-apple-macosx10.14.0 -filetype obj -main-file-name cc3I2Ttr.s -target-cpu penryn -fdebug-compilation-dir /Users/tim/repo/sparsemat/cmake-build-debug/CMakeFiles/CMakeTmp -dwarf-debug-producer Apple LLVM version 10.0.1 (clang-1001.0.46.4) -dwarf-version=4 -mrelocation-model pic -o CMakeFiles/cmTC_e3c6c.dir/OpenMPTryFlag.c.o /var/folders/vy/7dcnkvn57ybcj5bszfzj6l9c0000gn/T//cc3I2Ttr.s]
  ignore line: [COMPILER_PATH=/usr/local/Cellar/gcc/9.2.0/libexec/gcc/x86_64-apple-darwin18/9.2.0/:/usr/local/Cellar/gcc/9.2.0/libexec/gcc/x86_64-apple-darwin18/9.2.0/:/usr/local/Cellar/gcc/9.2.0/libexec/gcc/x86_64-apple-darwin18/:/usr/local/Cellar/gcc/9.2.0/lib/gcc/9/gcc/x86_64-apple-darwin18/9.2.0/:/usr/local/Cellar/gcc/9.2.0/lib/gcc/9/gcc/x86_64-apple-darwin18/]
  ignore line: [LIBRARY_PATH=/usr/local/Cellar/gcc/9.2.0/lib/gcc/9/gcc/x86_64-apple-darwin18/9.2.0/:/usr/local/Cellar/gcc/9.2.0/lib/gcc/9/gcc/x86_64-apple-darwin18/9.2.0/../../../]
  ignore line: [COLLECT_GCC_OPTIONS='-fopenmp' '-v' '-isysroot' '/Library/Developer/CommandLineTools/SDKs/MacOSX10.14.sdk' '-std=gnu99' '-o' 'CMakeFiles/cmTC_e3c6c.dir/OpenMPTryFlag.c.o' '-c' '-mmacosx-version-min=10.14.0'  '-mtune=core2']
  ignore line: [Linking C executable cmTC_e3c6c]
  ignore line: [/Applications/CLion.app/Contents/bin/cmake/mac/bin/cmake -E cmake_link_script CMakeFiles/cmTC_e3c6c.dir/link.txt --verbose=1]
  ignore line: [/usr/local/bin/gcc-9  -fopenmp -v -isysroot /Library/Developer/CommandLineTools/SDKs/MacOSX10.14.sdk -Wl,-search_paths_first -Wl,-headerpad_max_install_names   CMakeFiles/cmTC_e3c6c.dir/OpenMPTryFlag.c.o  -o cmTC_e3c6c -v -Wl,-v ]
  ignore line: [Using built-in specs.]
  ignore line: [COLLECT_GCC=/usr/local/bin/gcc-9]
  ignore line: [COLLECT_LTO_WRAPPER=/usr/local/Cellar/gcc/9.2.0/libexec/gcc/x86_64-apple-darwin18/9.2.0/lto-wrapper]
  ignore line: [Target: x86_64-apple-darwin18]
  ignore line: [Configured with: ../configure --build=x86_64-apple-darwin18 --prefix=/usr/local/Cellar/gcc/9.2.0 --libdir=/usr/local/Cellar/gcc/9.2.0/lib/gcc/9 --disable-nls --enable-checking=release --enable-languages=c,c++,objc,obj-c++,fortran --program-suffix=-9 --with-gmp=/usr/local/opt/gmp --with-mpfr=/usr/local/opt/mpfr --with-mpc=/usr/local/opt/libmpc --with-isl=/usr/local/opt/isl --with-system-zlib --with-pkgversion='Homebrew GCC 9.2.0' --with-bugurl=https://github.com/Homebrew/homebrew-core/issues --disable-multilib --with-native-system-header-dir=/usr/include --with-sysroot=/Library/Developer/CommandLineTools/SDKs/MacOSX.sdk]
  ignore line: [Thread model: posix]
  ignore line: [gcc version 9.2.0 (Homebrew GCC 9.2.0) ]
  ignore line: [COMPILER_PATH=/usr/local/Cellar/gcc/9.2.0/libexec/gcc/x86_64-apple-darwin18/9.2.0/:/usr/local/Cellar/gcc/9.2.0/libexec/gcc/x86_64-apple-darwin18/9.2.0/:/usr/local/Cellar/gcc/9.2.0/libexec/gcc/x86_64-apple-darwin18/:/usr/local/Cellar/gcc/9.2.0/lib/gcc/9/gcc/x86_64-apple-darwin18/9.2.0/:/usr/local/Cellar/gcc/9.2.0/lib/gcc/9/gcc/x86_64-apple-darwin18/]
  ignore line: [LIBRARY_PATH=/usr/local/Cellar/gcc/9.2.0/lib/gcc/9/gcc/x86_64-apple-darwin18/9.2.0/:/usr/local/Cellar/gcc/9.2.0/lib/gcc/9/gcc/x86_64-apple-darwin18/9.2.0/../../../]
  ignore line: [COLLECT_GCC_OPTIONS='-fopenmp' '-v' '-isysroot' '/Library/Developer/CommandLineTools/SDKs/MacOSX10.14.sdk' '-o' 'cmTC_e3c6c' '-v' '-mmacosx-version-min=10.14.0' '-asm_macosx_version_min=10.14' '-mtune=core2']
  link line: [ /usr/local/Cellar/gcc/9.2.0/libexec/gcc/x86_64-apple-darwin18/9.2.0/collect2 -dynamic -arch x86_64 -macosx_version_min 10.14.0 -syslibroot /Library/Developer/CommandLineTools/SDKs/MacOSX10.14.sdk -weak_reference_mismatches non-weak -o cmTC_e3c6c -L/usr/local/Cellar/gcc/9.2.0/lib/gcc/9/gcc/x86_64-apple-darwin18/9.2.0 -L/usr/local/Cellar/gcc/9.2.0/lib/gcc/9/gcc/x86_64-apple-darwin18/9.2.0/../../.. -search_paths_first -headerpad_max_install_names CMakeFiles/cmTC_e3c6c.dir/OpenMPTryFlag.c.o -v -lgomp -no_compact_unwind -lSystem -lgcc_ext.10.5 -lgcc -lSystem -v -v]
    arg [/usr/local/Cellar/gcc/9.2.0/libexec/gcc/x86_64-apple-darwin18/9.2.0/collect2] ==> ignore
    arg [-dynamic] ==> ignore
    arg [-arch] ==> ignore
    arg [x86_64] ==> ignore
    arg [-macosx_version_min] ==> ignore
    arg [10.14.0] ==> ignore
    arg [-syslibroot] ==> ignore
    arg [/Library/Developer/CommandLineTools/SDKs/MacOSX10.14.sdk] ==> ignore
    arg [-weak_reference_mismatches] ==> ignore
    arg [non-weak] ==> ignore
    arg [-o] ==> ignore
    arg [cmTC_e3c6c] ==> ignore
    arg [-L/usr/local/Cellar/gcc/9.2.0/lib/gcc/9/gcc/x86_64-apple-darwin18/9.2.0] ==> dir [/usr/local/Cellar/gcc/9.2.0/lib/gcc/9/gcc/x86_64-apple-darwin18/9.2.0]
    arg [-L/usr/local/Cellar/gcc/9.2.0/lib/gcc/9/gcc/x86_64-apple-darwin18/9.2.0/../../..] ==> dir [/usr/local/Cellar/gcc/9.2.0/lib/gcc/9/gcc/x86_64-apple-darwin18/9.2.0/../../..]
    arg [-search_paths_first] ==> ignore
    arg [-headerpad_max_install_names] ==> ignore
    arg [CMakeFiles/cmTC_e3c6c.dir/OpenMPTryFlag.c.o] ==> ignore
    arg [-v] ==> ignore
    arg [-lgomp] ==> lib [gomp]
    arg [-no_compact_unwind] ==> ignore
    arg [-lSystem] ==> lib [System]
    arg [-lgcc_ext.10.5] ==> lib [gcc_ext.10.5]
    arg [-lgcc] ==> lib [gcc]
    arg [-lSystem] ==> lib [System]
    arg [-v] ==> ignore
    arg [-v] ==> ignore
  Library search paths: [;/usr/local/Cellar/gcc/9.2.0/lib/gcc/9/gcc/x86_64-apple-darwin18/9.2.0;/usr/local/Cellar/gcc/9.2.0/lib/gcc/9;/Library/Developer/CommandLineTools/SDKs/MacOSX10.14.sdk/usr/lib]
  Framework search paths: [;/Library/Developer/CommandLineTools/SDKs/MacOSX10.14.sdk/System/Library/Frameworks/]
  remove lib [System]
  remove lib [System]
  collapse library dir [/usr/local/Cellar/gcc/9.2.0/lib/gcc/9/gcc/x86_64-apple-darwin18/9.2.0] ==> [/usr/local/Cellar/gcc/9.2.0/lib/gcc/9/gcc/x86_64-apple-darwin18/9.2.0]
  collapse library dir [/usr/local/Cellar/gcc/9.2.0/lib/gcc/9/gcc/x86_64-apple-darwin18/9.2.0/../../..] ==> [/usr/local/Cellar/gcc/9.2.0/lib/gcc/9]
  collapse library dir [/usr/local/Cellar/gcc/9.2.0/lib/gcc/9/gcc/x86_64-apple-darwin18/9.2.0] ==> [/usr/local/Cellar/gcc/9.2.0/lib/gcc/9/gcc/x86_64-apple-darwin18/9.2.0]
  collapse library dir [/usr/local/Cellar/gcc/9.2.0/lib/gcc/9] ==> [/usr/local/Cellar/gcc/9.2.0/lib/gcc/9]
  collapse library dir [/Library/Developer/CommandLineTools/SDKs/MacOSX10.14.sdk/usr/lib] ==> [/Library/Developer/CommandLineTools/SDKs/MacOSX10.14.sdk/usr/lib]
  collapse framework dir [/Library/Developer/CommandLineTools/SDKs/MacOSX10.14.sdk/System/Library/Frameworks/] ==> [/Library/Developer/CommandLineTools/SDKs/MacOSX10.14.sdk/System/Library/Frameworks]
  implicit libs: [gomp;gcc_ext.10.5;gcc]
  implicit dirs: [/usr/local/Cellar/gcc/9.2.0/lib/gcc/9/gcc/x86_64-apple-darwin18/9.2.0;/usr/local/Cellar/gcc/9.2.0/lib/gcc/9;/Library/Developer/CommandLineTools/SDKs/MacOSX10.14.sdk/usr/lib]
  implicit fwks: [/Library/Developer/CommandLineTools/SDKs/MacOSX10.14.sdk/System/Library/Frameworks]


